<?xml version="1.0" encoding="UTF-8"?>
<!-- Generated by org.testng.reporters.JUnitReportReporter -->
<testsuite hostname="Kritika" failures="0" tests="1" name="testcCases.TC_001_Logintest" time="10.602" errors="0" timestamp="09 Jun 2024 04:22:36 GMT" skipped="0">
  <testcase classname="testcCases.TC_001_Logintest" name="login" time="10.602"/>
</testsuite> <!-- testcCases.TC_001_Logintest -->
